#
# A fatal error has been detected by the Java Runtime Environment:
#
#  EXCEPTION_ACCESS_VIOLATION (0xc0000005) at pc=0x0000023f79bf2884, pid=9036, tid=11516
#
# JRE version: Java(TM) SE Runtime Environment (19.0.1+10) (build 19.0.1+10-21)
# Java VM: Java HotSpot(TM) 64-Bit Server VM (19.0.1+10-21, mixed mode, emulated-client, sharing, tiered, compressed oops, compressed class ptrs, g1 gc, windows-amd64)
# Problematic frame:
# v  ~BufferBlob::MethodHandles adapters 0x0000023f79bf2884
#
# No core dump will be written. Minidumps are not enabled by default on client versions of Windows
#
# If you would like to submit a bug report, please visit:
#   https://bugreport.java.com/bugreport/crash.jsp
#

---------------  S U M M A R Y ------------

Command Line: -XX:+ShowCodeDetailsInExceptionMessages -agentlib:jdwp=transport=dt_socket,suspend=y,address=localhost:61748 -Dcom.sun.management.jmxremote -Dcom.sun.management.jmxremote.port=61747 -Dcom.sun.management.jmxremote.authenticate=false -Dcom.sun.management.jmxremote.ssl=false -Djava.rmi.server.hostname=localhost -Dspring.jmx.enabled=true -Dspring.application.admin.enabled=true -XX:TieredStopAtLevel=1 -Dspring.boot.project.name=fisheries -javaagent:C:\Users\HP\eclipse\jee-2022-03\eclipse\configuration\org.eclipse.osgi\422\0\.cp\lib\javaagent-shaded.jar -Dfile.encoding=UTF-8 com.fisheries.FisheriesApplication

Host: AMD Ryzen 5 3500U with Radeon Vega Mobile Gfx  , 8 cores, 5G,  Windows 11 , 64 bit Build 22621 (10.0.22621.2506)
Time: Sat Dec  9 11:57:20 2023 India Standard Time elapsed time: 520.877287 seconds (0d 0h 8m 40s)

---------------  T H R E A D  ---------------

Current thread (0x0000023f11c50590):  JavaThread "http-nio-8080-exec-1" daemon [_thread_in_Java, id=11516, stack(0x000000811d200000,0x000000811d300000)]

Stack: [0x000000811d200000,0x000000811d300000],  sp=0x000000811d2fd648,  free space=1013k
Native frames: (J=compiled Java code, j=interpreted, Vv=VM code, C=native code)
C  0x0000023f79bf2884


siginfo: EXCEPTION_ACCESS_VIOLATION (0xc0000005), reading address 0xffffffffffffffff


Registers:
RAX=0x0000023f79bcc4fa, RBX=0x00000000a346c210, RCX=0x000000811d2fd650, RDX=0x0000000000000002
RSP=0x000000811d2fd648, RBP=0x000000811d2fd698, RSI=0x0000023f10961918, RDI=0x0000023f10603650
R8 =0x0000000000000004, R9 =0x0000000000000004, R10=0x0000000800737472, R11=0xa40b5d90a414ca10
R12=0x0000000000000000, R13=0x000000811d2fd648, R14=0x000000811d2fd6b8, R15=0x0000023f11c50590
RIP=0x0000023f79bf2884, EFLAGS=0x0000000000010206


Register to memory mapping:

RIP=0x0000023f79bf2884 is at begin+45 in a stub
MethodHandle::interpreter_entry::_linkToVirtual [0x0000023f79bf2857, 0x0000023f79bf28aa] (83 bytes)
RAX=0x0000023f79bcc4fa is at code_begin+4346 in an Interpreter codelet
return entry points  [0x0000023f79bcb400, 0x0000023f79bcd200]  7680 bytes
RBX=0x00000000a346c210 is an oop: com.fisheries.Controller.MainController 
{0x00000000a346c210} - klass: 'com/fisheries/Controller/MainController'
 - ---- fields (total size 5 words):
 - 'fisheriesService' 'Lcom/fisheries/Service/FisheriesService;' @12  a 'com/fisheries/Service/FisheriesService'{0x00000000a346c238} (a346c238)
 - 'fisheriesRepo' 'Lcom/fisheries/Repo/FisheriesRepo;' @16  a 'jdk/proxy5/$Proxy121'{0x00000000a414ca10} (a414ca10)
 - 'fisherManNameListRepo' 'Lcom/fisheries/Repo/FisherManNameListRepo;' @20  a 'jdk/proxy5/$Proxy122'{0x00000000a40b5d90} (a40b5d90)
 - 'saveUserRegularDataRepo' 'Lcom/fisheries/Repo/SaveUserRegularDataRepo;' @24  a 'jdk/proxy5/$Proxy123'{0x00000000a40413e0} (a40413e0)
 - 'excelRepo' 'Lcom/fisheries/Repo/ExcelRepo;' @28  a 'jdk/proxy5/$Proxy124'{0x00000000a40ab950} (a40ab950)
 - 'dateWiseDataRepo' 'Lcom/fisheries/Repo/DateWiseDataRepo;' @32  a 'jdk/proxy5/$Proxy125'{0x00000000a4068870} (a4068870)
RCX=0x000000811d2fd650 is pointing into the stack for thread: 0x0000023f11c50590
RDX=0x0000000000000002 is an unknown value
RSP=0x000000811d2fd648 is pointing into the stack for thread: 0x0000023f11c50590
RBP=0x000000811d2fd698 is pointing into the stack for thread: 0x0000023f11c50590
RSI=0x0000023f10961918 points into unknown readable memory: 0x80002b005bf00fcf | cf 0f f0 5b 00 2b 00 80
RDI=0x0000023f10603650 points into unknown readable memory: 0x0000001800000060 | 60 00 00 00 18 00 00 00
R8 =0x0000000000000004 is an unknown value
R9 =0x0000000000000004 is an unknown value
R10=0x0000000800737472 is pointing into metadata
R11=0xa40b5d90a414ca10 is an unknown value
R12=0x0 is NULL
R13=0x000000811d2fd648 is pointing into the stack for thread: 0x0000023f11c50590
R14=0x000000811d2fd6b8 is pointing into the stack for thread: 0x0000023f11c50590
R15=0x0000023f11c50590 is a thread


Top of Stack: (sp=0x000000811d2fd648)
0x000000811d2fd648:   0000023f79bcc4fa 000000811d2fd650
0x000000811d2fd658:   0000000800737472 000000811d2fd6b8
0x000000811d2fd668:   00000008000d55c8 000000810000001c
0x000000811d2fd678:   00000000a1d04408 00000008000d8108
0x000000811d2fd688:   000000811d2fd648 000000811d2fd6c0
0x000000811d2fd698:   000000811d2fd9f0 0000023f7a245636
0x000000811d2fd6a8:   00000000a7507da0 00000000a346c210
0x000000811d2fd6b8:   00000000a7507f08 00000000a7508100
0x000000811d2fd6c8:   0000000000000000 000000811d2fd9f0
0x000000811d2fd6d8:   0000023f79f11dc4 00000000a75080d8
0x000000811d2fd6e8:   00000000a346c210 00000000a7508088
0x000000811d2fd6f8:   00000000a7507f08 00000000a346c210
0x000000811d2fd708:   0000023f7a245554 000000811d2fd9f0
0x000000811d2fd718:   0000023f7a2a5556 00000000a3382940
0x000000811d2fd728:   0000023f11c50598 000000811d2fd8f0
0x000000811d2fd738:   0000023f79f8964c 00007ffd879c7b88 

Instructions: (pc=0x0000023f79bf2884)
0x0000023f79bf2784:   00 00 00 00 01 00 00 00 00 00 00 00 b0 3a 97 87
0x0000023f79bf2794:   fd 7f 00 00 00 00 00 00 f0 10 00 00 68 00 00 00
0x0000023f79bf27a4:   ff ff ff ff f0 10 00 00 00 00 00 00 00 28 bf 79
0x0000023f79bf27b4:   3f 02 00 00 80 38 bf 79 3f 02 00 00 00 28 bf 79
0x0000023f79bf27c4:   3f 02 00 00 80 38 bf 79 3f 02 00 00 f8 27 bf 79
0x0000023f79bf27d4:   3f 02 00 00 f8 27 bf 79 3f 02 00 00 00 00 00 00
0x0000023f79bf27e4:   00 00 00 00 00 00 00 00 00 00 00 00 68 3b 97 87
0x0000023f79bf27f4:   fd 7f 00 00 00 00 00 00 00 00 00 00 f4 66 66 66
0x0000023f79bf2804:   0f 1f 84 00 00 00 00 00 66 66 0f 1f 84 00 00 00
0x0000023f79bf2814:   00 00 66 66 0f 1f 84 00 00 00 00 00 48 8b 53 08
0x0000023f79bf2824:   0f b7 52 2c 48 8b 0c d4 8b 59 14 8b 5b 28 8b 5b
0x0000023f79bf2834:   24 48 8b 5b 10 48 85 db 0f 84 10 00 00 00 41 80
0x0000023f79bf2844:   bf f8 04 00 00 00 74 03 ff 63 38 ff 63 50 e9 a9
0x0000023f79bf2854:   16 00 00 66 0f 1f 84 00 00 00 00 00 48 8b 53 08
0x0000023f79bf2864:   0f b7 52 2c 48 8b 0c d4 58 5b 50 44 8b 51 08 49
0x0000023f79bf2874:   bb 00 00 00 00 08 00 00 00 4d 03 d3 4c 8b 5b 10
0x0000023f79bf2884:   4b 8b 9c da b8 01 00 00 48 85 db 0f 84 10 00 00
0x0000023f79bf2894:   00 41 80 bf f8 04 00 00 00 74 03 ff 63 38 ff 63
0x0000023f79bf28a4:   50 e9 56 16 00 00 66 66 66 0f 1f 84 00 00 00 00
0x0000023f79bf28b4:   00 66 66 66 0f 1f 84 00 00 00 00 00 58 5b 50 8b
0x0000023f79bf28c4:   5b 24 48 8b 5b 10 48 85 db 0f 84 10 00 00 00 41
0x0000023f79bf28d4:   80 bf f8 04 00 00 00 74 03 ff 63 38 ff 63 50 e9
0x0000023f79bf28e4:   18 16 00 00 66 66 66 0f 1f 84 00 00 00 00 00 0f
0x0000023f79bf28f4:   1f 80 00 00 00 00 66 0f 1f 44 00 00 48 8b 53 08
0x0000023f79bf2904:   0f b7 52 2c 48 8b 0c d4 58 5b 50 48 3b 01 8b 5b
0x0000023f79bf2914:   24 48 8b 5b 10 48 85 db 0f 84 10 00 00 00 41 80
0x0000023f79bf2924:   bf f8 04 00 00 00 74 03 ff 63 38 ff 63 50 e9 c9
0x0000023f79bf2934:   15 00 00 66 0f 1f 84 00 00 00 00 00 48 8b 53 08
0x0000023f79bf2944:   0f b7 52 2c 48 8b 0c d4 58 5b 50 44 8b 51 08 49
0x0000023f79bf2954:   bb 00 00 00 00 08 00 00 00 4d 03 d3 8b 43 18 48
0x0000023f79bf2964:   8b 40 10 48 8b 5b 10 45 8b 9a a0 00 00 00 4f 8d
0x0000023f79bf2974:   9c da b8 01 00 00 4d 8d 14 da 49 8b 1b 48 3b c3 


Stack slot to memory mapping:
stack at sp + 0 slots: 0x0000023f79bcc4fa is at code_begin+4346 in an Interpreter codelet
return entry points  [0x0000023f79bcb400, 0x0000023f79bcd200]  7680 bytes
stack at sp + 1 slots: 0x000000811d2fd650 is pointing into the stack for thread: 0x0000023f11c50590
stack at sp + 2 slots: 0x0000000800737472 is pointing into metadata
stack at sp + 3 slots: 0x000000811d2fd6b8 is pointing into the stack for thread: 0x0000023f11c50590
stack at sp + 4 slots: 0x00000008000d55c8 is pointing into metadata
stack at sp + 5 slots: 0x000000810000001c is an unknown value
stack at sp + 6 slots: 0x00000000a1d04408 is an oop: java.lang.Class 
{0x00000000a1d04408} - klass: 'java/lang/Class'
 - ---- fields (total size 14 words):
 - private volatile transient 'classRedefinedCount' 'I' @12  0
 - abstract internal 'klass' 'J' @16  34360611240 (d51a8 8)
 - abstract internal 'array_klass' 'J' @24  0 (0 0)
 - abstract internal 'oop_size' 'I' @32  14 (e)
 - abstract internal 'static_oop_field_count' 'I' @36  0
 - private volatile transient 'cachedConstructor' 'Ljava/lang/reflect/Constructor;' @40  NULL (0)
 - private transient 'name' 'Ljava/lang/String;' @44  NULL (0)
 - private transient 'module' 'Ljava/lang/Module;' @48  a 'java/lang/Module'{0x00000000a1ca59d8} (a1ca59d8)
 - private final 'classLoader' 'Ljava/lang/ClassLoader;' @52  NULL (0)
 - private transient 'classData' 'Ljava/lang/Object;' @56  NULL (0)
 - private transient 'packageName' 'Ljava/lang/String;' @60  NULL (0)
 - private final 'componentType' 'Ljava/lang/Class;' @64  NULL (0)
 - private volatile transient 'reflectionData' 'Ljava/lang/ref/SoftReference;' @68  NULL (0)
 - private volatile transient 'genericInfo' 'Lsun/reflect/generics/repository/ClassRepository;' @72  NULL (0)
 - private volatile transient 'enumConstants' '[Ljava/lang/Object;' @76  NULL (0)
 - private volatile transient 'enumConstantDirectory' 'Ljava/util/Map;' @80  NULL (0)
 - private volatile transient 'annotationData' 'Ljava/lang/Class$AnnotationData;' @84  NULL (0)
 - private volatile transient 'annotationType' 'Lsun/reflect/annotation/AnnotationType;' @88  NULL (0)
 - transient 'classValueMap' 'Ljava/lang/ClassValue$ClassValueMap;' @92  NULL (0)
 - abstract internal 'protection_domain' 'Ljava/lang/Object;' @96  NULL (0)
 - abstract internal 'signers_name' 'Ljava/lang/Object;' @100  NULL (0)
 - abstract internal 'source_file' 'Ljava/lang/Object;' @104  NULL (0)
 - signature: Ljava/lang/invoke/DirectMethodHandle$Holder;
 - ---- static fields (0):
stack at sp + 7 slots: {method} {0x00000008000d8110} 'invokeVirtual' '(Ljava/lang/Object;Ljava/lang/Object;)Ljava/lang/Object;' in 'java/lang/invoke/DirectMethodHandle$Holder'

MethodHandle::interpreter_entry::_linkToVirtual [0x0000023f79bf2857, 0x0000023f79bf28aa] (83 bytes)
[MachCode]
  0x0000023f79bf2857: 660f 1f84 | 0000 0000 | 0048 8b53 | 080f b752 | 2c48 8b0c | d458 5b50 | 448b 5108 | 49bb 0000 
  0x0000023f79bf2877: 0000 0800 | 0000 4d03 | d34c 8b5b | 104b 8b9c | dab8 0100 | 0048 85db | 0f84 1000 | 0000 4180 
  0x0000023f79bf2897: bff8 0400 | 0000 7403 | ff63 38ff | 6350 e956 | 
[/MachCode]

---------------  P R O C E S S  ---------------

Threads class SMR info:
_java_thread_list=0x0000023f120e1280, length=39, elements={
0x0000023f0b7d9040, 0x0000023f0b7d9c30, 0x0000023f0b7deac0, 0x0000023f0b7df6b0,
0x0000023f0b7e0ff0, 0x0000023f0b7e9930, 0x0000023f0b7ef770, 0x0000023f0b7f00e0,
0x0000023f0fc86030, 0x0000023f0fcdcda0, 0x0000023f0fcf9d60, 0x0000023f0fcfa2b0,
0x0000023f10561430, 0x0000023f1069f8c0, 0x0000023f1069bdf0, 0x0000023f106dfa20,
0x0000023f109530a0, 0x0000023f109ed7a0, 0x0000023f109edcf0, 0x0000023f109ee790,
0x0000023f11c50040, 0x0000023f11c53ab0, 0x0000023f11c50ae0, 0x0000023f11c52ac0,
0x0000023f11c4e060, 0x0000023f11c53560, 0x0000023f11c4eb00, 0x0000023f11c50590,
0x0000023f11c54aa0, 0x0000023f11c52570, 0x0000023f11c51ad0, 0x0000023f11c51580,
0x0000023f11c4f050, 0x0000023f11c4f5a0, 0x0000023f11c4faf0, 0x0000023f11c52020,
0x0000023f109ee240, 0x0000023f109ebd10, 0x0000023f109ed250
}

Java Threads: ( => current thread )
  0x0000023f0b7d9040 JavaThread "Reference Handler" daemon [_thread_blocked, id=23684, stack(0x000000811ab00000,0x000000811ac00000)]
  0x0000023f0b7d9c30 JavaThread "Finalizer" daemon [_thread_blocked, id=19184, stack(0x000000811ac00000,0x000000811ad00000)]
  0x0000023f0b7deac0 JavaThread "Signal Dispatcher" daemon [_thread_blocked, id=16240, stack(0x000000811ad00000,0x000000811ae00000)]
  0x0000023f0b7df6b0 JavaThread "Attach Listener" daemon [_thread_blocked, id=21812, stack(0x000000811ae00000,0x000000811af00000)]
  0x0000023f0b7e0ff0 JavaThread "Service Thread" daemon [_thread_blocked, id=6660, stack(0x000000811af00000,0x000000811b000000)]
  0x0000023f0b7e9930 JavaThread "Monitor Deflation Thread" daemon [_thread_blocked, id=17512, stack(0x000000811b000000,0x000000811b100000)]
  0x0000023f0b7ef770 JavaThread "C1 CompilerThread0" daemon [_thread_blocked, id=13288, stack(0x000000811b100000,0x000000811b200000)]
  0x0000023f0b7f00e0 JavaThread "Sweeper thread" daemon [_thread_blocked, id=1868, stack(0x000000811b200000,0x000000811b300000)]
  0x0000023f0fc86030 JavaThread "Common-Cleaner" daemon [_thread_blocked, id=24104, stack(0x000000811b300000,0x000000811b400000)]
  0x0000023f0fcdcda0 JavaThread "JDWP Transport Listener: dt_socket" daemon [_thread_blocked, id=12992, stack(0x000000811b600000,0x000000811b700000)]
  0x0000023f0fcf9d60 JavaThread "JDWP Event Helper Thread" daemon [_thread_blocked, id=3160, stack(0x000000811b700000,0x000000811b800000)]
  0x0000023f0fcfa2b0 JavaThread "JDWP Command Reader" daemon [_thread_in_native, id=19976, stack(0x000000811b800000,0x000000811b900000)]
  0x0000023f10561430 JavaThread "Notification Thread" daemon [_thread_blocked, id=21732, stack(0x000000811b900000,0x000000811ba00000)]
  0x0000023f1069f8c0 JavaThread "RMI TCP Accept-0" daemon [_thread_in_native, id=18444, stack(0x000000811ba00000,0x000000811bb00000)]
  0x0000023f1069bdf0 JavaThread "RMI TCP Accept-61747" daemon [_thread_in_native, id=19556, stack(0x000000811bb00000,0x000000811bc00000)]
  0x0000023f106dfa20 JavaThread "RMI TCP Accept-0" daemon [_thread_in_native, id=24344, stack(0x000000811bc00000,0x000000811bd00000)]
  0x0000023f109530a0 JavaThread "RMI Scheduler(0)" daemon [_thread_blocked, id=14452, stack(0x000000811c700000,0x000000811c800000)]
  0x0000023f109ed7a0 JavaThread "RMI TCP Connection(idle)" daemon [_thread_blocked, id=3196, stack(0x000000811c800000,0x000000811c900000)]
  0x0000023f109edcf0 JavaThread "JMX server connection timeout 39" daemon [_thread_blocked, id=14252, stack(0x000000811c900000,0x000000811ca00000)]
  0x0000023f109ee790 JavaThread "mysql-cj-abandoned-connection-cleanup" daemon [_thread_blocked, id=1500, stack(0x000000811d000000,0x000000811d100000)]
  0x0000023f11c50040 JavaThread "Live Reload Server" daemon [_thread_in_native, id=24080, stack(0x000000811d600000,0x000000811d700000)]
  0x0000023f11c53ab0 JavaThread "DestroyJavaVM" [_thread_blocked, id=14664, stack(0x000000811a400000,0x000000811a500000)]
  0x0000023f11c50ae0 JavaThread "Catalina-utility-1" [_thread_blocked, id=13060, stack(0x000000811c600000,0x000000811c700000)]
  0x0000023f11c52ac0 JavaThread "Catalina-utility-2" [_thread_blocked, id=23048, stack(0x000000811ca00000,0x000000811cb00000)]
  0x0000023f11c4e060 JavaThread "container-0" [_thread_blocked, id=5440, stack(0x000000811cb00000,0x000000811cc00000)]
  0x0000023f11c53560 JavaThread "HikariPool-2 housekeeper" daemon [_thread_blocked, id=20756, stack(0x000000811cd00000,0x000000811ce00000)]
  0x0000023f11c4eb00 JavaThread "File Watcher" daemon [_thread_blocked, id=4040, stack(0x000000811cf00000,0x000000811d000000)]
=>0x0000023f11c50590 JavaThread "http-nio-8080-exec-1" daemon [_thread_in_Java, id=11516, stack(0x000000811d200000,0x000000811d300000)]
  0x0000023f11c54aa0 JavaThread "http-nio-8080-exec-2" daemon [_thread_blocked, id=14500, stack(0x000000811d300000,0x000000811d400000)]
  0x0000023f11c52570 JavaThread "http-nio-8080-exec-3" daemon [_thread_blocked, id=15028, stack(0x000000811d400000,0x000000811d500000)]
  0x0000023f11c51ad0 JavaThread "http-nio-8080-exec-4" daemon [_thread_blocked, id=19180, stack(0x000000811d700000,0x000000811d800000)]
  0x0000023f11c51580 JavaThread "http-nio-8080-exec-5" daemon [_thread_blocked, id=16460, stack(0x000000811d800000,0x000000811d900000)]
  0x0000023f11c4f050 JavaThread "http-nio-8080-exec-6" daemon [_thread_blocked, id=24508, stack(0x000000811d900000,0x000000811da00000)]
  0x0000023f11c4f5a0 JavaThread "http-nio-8080-exec-7" daemon [_thread_blocked, id=1896, stack(0x000000811da00000,0x000000811db00000)]
  0x0000023f11c4faf0 JavaThread "http-nio-8080-exec-8" daemon [_thread_blocked, id=2448, stack(0x000000811db00000,0x000000811dc00000)]
  0x0000023f11c52020 JavaThread "http-nio-8080-exec-9" daemon [_thread_blocked, id=15520, stack(0x000000811dc00000,0x000000811dd00000)]
  0x0000023f109ee240 JavaThread "http-nio-8080-exec-10" daemon [_thread_blocked, id=5860, stack(0x000000811dd00000,0x000000811de00000)]
  0x0000023f109ebd10 JavaThread "http-nio-8080-Poller" daemon [_thread_in_native, id=20456, stack(0x000000811de00000,0x000000811df00000)]
  0x0000023f109ed250 JavaThread "http-nio-8080-Acceptor" daemon [_thread_in_native, id=22984, stack(0x000000811df00000,0x000000811e000000)]

Other Threads:
  0x0000023f0b7bfdb0 VMThread "VM Thread" [stack: 0x000000811aa00000,0x000000811ab00000] [id=19600] _threads_hazard_ptr=0x0000023f120e1280
  0x0000023f106e5980 WatcherThread "VM Periodic Task Thread" [stack: 0x000000811bd00000,0x000000811be00000] [id=24084]
  0x0000023f7834b620 WorkerThread "GC Thread#0" [stack: 0x000000811a500000,0x000000811a600000] [id=18988]
  0x0000023f107b5050 WorkerThread "GC Thread#1" [stack: 0x000000811bf00000,0x000000811c000000] [id=23892]
  0x0000023f107d2fb0 WorkerThread "GC Thread#2" [stack: 0x000000811c000000,0x000000811c100000] [id=16764]
  0x0000023f107d3280 WorkerThread "GC Thread#3" [stack: 0x000000811c100000,0x000000811c200000] [id=10784]
  0x0000023f107d3550 WorkerThread "GC Thread#4" [stack: 0x000000811c200000,0x000000811c300000] [id=22584]
  0x0000023f107d3820 WorkerThread "GC Thread#5" [stack: 0x000000811c300000,0x000000811c400000] [id=23624]
  0x0000023f107d43b0 WorkerThread "GC Thread#6" [stack: 0x000000811c400000,0x000000811c500000] [id=6404]
  0x0000023f107d4680 WorkerThread "GC Thread#7" [stack: 0x000000811c500000,0x000000811c600000] [id=1172]
  0x0000023f78359310 ConcurrentGCThread "G1 Main Marker" [stack: 0x000000811a600000,0x000000811a700000] [id=12932]
  0x0000023f78359c40 WorkerThread "G1 Conc#0" [stack: 0x000000811a700000,0x000000811a800000] [id=18380]
  0x0000023f107d51c0 WorkerThread "G1 Conc#1" [stack: 0x000000811cc00000,0x000000811cd00000] [id=304]
  0x0000023f783ae8d0 ConcurrentGCThread "G1 Refine#0" [stack: 0x000000811a800000,0x000000811a900000] [id=19420]
  0x0000023f0b67b4f0 ConcurrentGCThread "G1 Service" [stack: 0x000000811a900000,0x000000811aa00000] [id=10372]

Threads with active compile tasks:

VM state: synchronizing (normal execution)

VM Mutex/Monitor currently owned by a thread:  ([mutex/lock_event])
[0x0000023f782f4b50] Threads_lock - owner thread: 0x0000023f0b7bfdb0

Heap address: 0x00000000a1600000, size: 1514 MB, Compressed Oops mode: 32-bit

CDS archive(s) mapped at: [0x0000000800000000-0x0000000800c40000-0x0000000800c40000), size 12845056, SharedBaseAddress: 0x0000000800000000, ArchiveRelocationMode: 0.
Compressed class space mapped at: 0x0000000801000000-0x0000000841000000, reserved size: 1073741824
Narrow klass base: 0x0000000800000000, Narrow klass shift: 0, Narrow klass range: 0x100000000

GC Precious Log:
 CardTable entry size: 512
 Card Set container configuration: InlinePtr #cards 5 size 8 Array Of Cards #cards 12 size 40 Howl #buckets 4 coarsen threshold 1843 Howl Bitmap #cards 512 size 80 coarsen threshold 460 Card regions per heap region 1 cards per card region 2048
 CPUs: 8 total, 8 available
 Memory: 6055M
 Large Page Support: Disabled
 NUMA Support: Disabled
 Compressed Oops: Enabled (32-bit)
 Heap Region Size: 1M
 Heap Min Capacity: 8M
 Heap Initial Capacity: 96M
 Heap Max Capacity: 1514M
 Pre-touch: Disabled
 Parallel Workers: 8
 Concurrent Workers: 2
 Concurrent Refinement Workers: 8
 Periodic GC: Disabled

Heap:
 garbage-first heap   total 70656K, used 40114K [0x00000000a1600000, 0x0000000100000000)
  region size 1024K, 12 young (12288K), 3 survivors (3072K)
 Metaspace       used 61720K, committed 62336K, reserved 1114112K
  class space    used 8235K, committed 8512K, reserved 1048576K

Heap Regions: E=young(eden), S=young(survivor), O=old, HS=humongous(starts), HC=humongous(continues), CS=collection set, F=free, OA=open archive, CA=closed archive, TAMS=top-at-mark-start (previous, next)
|   0|0x00000000a1600000, 0x00000000a1700000, 0x00000000a1700000|100%|HS|  |TAMS 0x00000000a1700000, 0x00000000a1600000| Untracked 
|   1|0x00000000a1700000, 0x00000000a1800000, 0x00000000a1800000|100%|HS|  |TAMS 0x00000000a1800000, 0x00000000a1700000| Untracked 
|   2|0x00000000a1800000, 0x00000000a1900000, 0x00000000a1900000|100%| O|  |TAMS 0x00000000a1900000, 0x00000000a1800000| Untracked 
|   3|0x00000000a1900000, 0x00000000a1a00000, 0x00000000a1a00000|100%| O|  |TAMS 0x00000000a1900000, 0x00000000a1900000| Untracked 
|   4|0x00000000a1a00000, 0x00000000a1b00000, 0x00000000a1b00000|100%| O|  |TAMS 0x00000000a1b00000, 0x00000000a1a00000| Untracked 
|   5|0x00000000a1b00000, 0x00000000a1c00000, 0x00000000a1c00000|100%| O|  |TAMS 0x00000000a1c00000, 0x00000000a1b00000| Untracked 
|   6|0x00000000a1c00000, 0x00000000a1cfffe8, 0x00000000a1d00000| 99%| O|  |TAMS 0x00000000a1c00000, 0x00000000a1c00000| Untracked 
|   7|0x00000000a1d00000, 0x00000000a1de6700, 0x00000000a1e00000| 90%| O|  |TAMS 0x00000000a1d00000, 0x00000000a1d00000| Untracked 
|   8|0x00000000a1e00000, 0x00000000a1f00000, 0x00000000a1f00000|100%| O|  |TAMS 0x00000000a1e00000, 0x00000000a1e00000| Untracked 
|   9|0x00000000a1f00000, 0x00000000a1ff3998, 0x00000000a2000000| 95%| O|  |TAMS 0x00000000a1f00000, 0x00000000a1f00000| Untracked 
|  10|0x00000000a2000000, 0x00000000a20ecc58, 0x00000000a2100000| 92%| O|  |TAMS 0x00000000a2000000, 0x00000000a2000000| Untracked 
|  11|0x00000000a2100000, 0x00000000a21fffe0, 0x00000000a2200000| 99%| O|  |TAMS 0x00000000a2100000, 0x00000000a2100000| Untracked 
|  12|0x00000000a2200000, 0x00000000a22ffff0, 0x00000000a2300000| 99%| O|  |TAMS 0x00000000a2200000, 0x00000000a2200000| Untracked 
|  13|0x00000000a2300000, 0x00000000a2400000, 0x00000000a2400000|100%| O|  |TAMS 0x00000000a2300000, 0x00000000a2300000| Untracked 
|  14|0x00000000a2400000, 0x00000000a2500000, 0x00000000a2500000|100%| O|  |TAMS 0x00000000a2500000, 0x00000000a2400000| Untracked 
|  15|0x00000000a2500000, 0x00000000a25ffff0, 0x00000000a2600000| 99%| O|  |TAMS 0x00000000a2500000, 0x00000000a2500000| Untracked 
|  16|0x00000000a2600000, 0x00000000a26fee88, 0x00000000a2700000| 99%| O|  |TAMS 0x00000000a2600000, 0x00000000a2600000| Untracked 
|  17|0x00000000a2700000, 0x00000000a27fffa0, 0x00000000a2800000| 99%| O|  |TAMS 0x00000000a2700000, 0x00000000a2700000| Untracked 
|  18|0x00000000a2800000, 0x00000000a28f3328, 0x00000000a2900000| 94%| O|  |TAMS 0x00000000a2800000, 0x00000000a2800000| Untracked 
|  19|0x00000000a2900000, 0x00000000a29ffff8, 0x00000000a2a00000| 99%| O|  |TAMS 0x00000000a2900000, 0x00000000a2900000| Untracked 
|  20|0x00000000a2a00000, 0x00000000a2affff8, 0x00000000a2b00000| 99%| O|  |TAMS 0x00000000a2a00000, 0x00000000a2a00000| Untracked 
|  21|0x00000000a2b00000, 0x00000000a2b91958, 0x00000000a2c00000| 56%| O|  |TAMS 0x00000000a2b00000, 0x00000000a2b00000| Untracked 
|  22|0x00000000a2c00000, 0x00000000a2d00000, 0x00000000a2d00000|100%| O|  |TAMS 0x00000000a2d00000, 0x00000000a2c00000| Untracked 
|  23|0x00000000a2d00000, 0x00000000a2d779f0, 0x00000000a2e00000| 46%| O|  |TAMS 0x00000000a2d00000, 0x00000000a2d00000| Untracked 
|  24|0x00000000a2e00000, 0x00000000a2ef57d8, 0x00000000a2f00000| 95%| O|  |TAMS 0x00000000a2e00000, 0x00000000a2e00000| Untracked 
|  25|0x00000000a2f00000, 0x00000000a2fcb1e0, 0x00000000a3000000| 79%| O|  |TAMS 0x00000000a2f00000, 0x00000000a2f00000| Untracked 
|  26|0x00000000a3000000, 0x00000000a30e46b0, 0x00000000a3100000| 89%| O|  |TAMS 0x00000000a3000000, 0x00000000a3000000| Untracked 
|  27|0x00000000a3100000, 0x00000000a3200000, 0x00000000a3200000|100%| O|  |TAMS 0x00000000a3100000, 0x00000000a3100000| Untracked 
|  28|0x00000000a3200000, 0x00000000a3300000, 0x00000000a3300000|100%| O|  |TAMS 0x00000000a3200000, 0x00000000a3200000| Untracked 
|  29|0x00000000a3300000, 0x00000000a3400000, 0x00000000a3400000|100%| O|  |TAMS 0x00000000a3300000, 0x00000000a3300000| Untracked 
|  30|0x00000000a3400000, 0x00000000a3489400, 0x00000000a3500000| 53%| O|  |TAMS 0x00000000a3400000, 0x00000000a3400000| Untracked 
|  31|0x00000000a3500000, 0x00000000a3500000, 0x00000000a3600000|  0%| F|  |TAMS 0x00000000a3500000, 0x00000000a3500000| Untracked 
|  32|0x00000000a3600000, 0x00000000a3600000, 0x00000000a3700000|  0%| F|  |TAMS 0x00000000a3600000, 0x00000000a3600000| Untracked 
|  33|0x00000000a3700000, 0x00000000a3700000, 0x00000000a3800000|  0%| F|  |TAMS 0x00000000a3700000, 0x00000000a3700000| Untracked 
|  34|0x00000000a3800000, 0x00000000a3800000, 0x00000000a3900000|  0%| F|  |TAMS 0x00000000a3800000, 0x00000000a3800000| Untracked 
|  35|0x00000000a3900000, 0x00000000a3900000, 0x00000000a3a00000|  0%| F|  |TAMS 0x00000000a3900000, 0x00000000a3900000| Untracked 
|  36|0x00000000a3a00000, 0x00000000a3a00000, 0x00000000a3b00000|  0%| F|  |TAMS 0x00000000a3a00000, 0x00000000a3a00000| Untracked 
|  37|0x00000000a3b00000, 0x00000000a3b00000, 0x00000000a3c00000|  0%| F|  |TAMS 0x00000000a3b00000, 0x00000000a3b00000| Untracked 
|  38|0x00000000a3c00000, 0x00000000a3c00000, 0x00000000a3d00000|  0%| F|  |TAMS 0x00000000a3c00000, 0x00000000a3c00000| Untracked 
|  39|0x00000000a3d00000, 0x00000000a3d3c5a0, 0x00000000a3e00000| 23%| S|CS|TAMS 0x00000000a3d00000, 0x00000000a3d00000| Complete 
|  40|0x00000000a3e00000, 0x00000000a3e00000, 0x00000000a3f00000|  0%| F|  |TAMS 0x00000000a3e00000, 0x00000000a3e00000| Untracked 
|  41|0x00000000a3f00000, 0x00000000a3f00000, 0x00000000a4000000|  0%| F|  |TAMS 0x00000000a3f00000, 0x00000000a3f00000| Untracked 
|  42|0x00000000a4000000, 0x00000000a4100000, 0x00000000a4100000|100%| S|CS|TAMS 0x00000000a4000000, 0x00000000a4000000| Complete 
|  43|0x00000000a4100000, 0x00000000a4200000, 0x00000000a4200000|100%| S|CS|TAMS 0x00000000a4100000, 0x00000000a4100000| Complete 
|  44|0x00000000a4200000, 0x00000000a4200000, 0x00000000a4300000|  0%| F|  |TAMS 0x00000000a4200000, 0x00000000a4200000| Untracked 
|  45|0x00000000a4300000, 0x00000000a4300000, 0x00000000a4400000|  0%| F|  |TAMS 0x00000000a4300000, 0x00000000a4300000| Untracked 
|  46|0x00000000a4400000, 0x00000000a4400000, 0x00000000a4500000|  0%| F|  |TAMS 0x00000000a4400000, 0x00000000a4400000| Untracked 
|  47|0x00000000a4500000, 0x00000000a4500000, 0x00000000a4600000|  0%| F|  |TAMS 0x00000000a4500000, 0x00000000a4500000| Untracked 
|  48|0x00000000a4600000, 0x00000000a4600000, 0x00000000a4700000|  0%| F|  |TAMS 0x00000000a4600000, 0x00000000a4600000| Untracked 
|  49|0x00000000a4700000, 0x00000000a4700000, 0x00000000a4800000|  0%| F|  |TAMS 0x00000000a4700000, 0x00000000a4700000| Untracked 
|  50|0x00000000a4800000, 0x00000000a4800000, 0x00000000a4900000|  0%| F|  |TAMS 0x00000000a4800000, 0x00000000a4800000| Untracked 
|  51|0x00000000a4900000, 0x00000000a4900000, 0x00000000a4a00000|  0%| F|  |TAMS 0x00000000a4900000, 0x00000000a4900000| Untracked 
|  52|0x00000000a4a00000, 0x00000000a4a00000, 0x00000000a4b00000|  0%| F|  |TAMS 0x00000000a4a00000, 0x00000000a4a00000| Untracked 
|  53|0x00000000a4b00000, 0x00000000a4b00000, 0x00000000a4c00000|  0%| F|  |TAMS 0x00000000a4b00000, 0x00000000a4b00000| Untracked 
|  54|0x00000000a4c00000, 0x00000000a4c00000, 0x00000000a4d00000|  0%| F|  |TAMS 0x00000000a4c00000, 0x00000000a4c00000| Untracked 
|  55|0x00000000a4d00000, 0x00000000a4d00000, 0x00000000a4e00000|  0%| F|  |TAMS 0x00000000a4d00000, 0x00000000a4d00000| Untracked 
|  56|0x00000000a4e00000, 0x00000000a4e00000, 0x00000000a4f00000|  0%| F|  |TAMS 0x00000000a4e00000, 0x00000000a4e00000| Untracked 
|  57|0x00000000a4f00000, 0x00000000a4f00000, 0x00000000a5000000|  0%| F|  |TAMS 0x00000000a4f00000, 0x00000000a4f00000| Untracked 
|  58|0x00000000a5000000, 0x00000000a5000000, 0x00000000a5100000|  0%| F|  |TAMS 0x00000000a5000000, 0x00000000a5000000| Untracked 
|  59|0x00000000a5100000, 0x00000000a5100000, 0x00000000a5200000|  0%| F|  |TAMS 0x00000000a5100000, 0x00000000a5100000| Untracked 
|  60|0x00000000a5200000, 0x00000000a529df08, 0x00000000a5300000| 61%| E|  |TAMS 0x00000000a5200000, 0x00000000a5200000| Complete 
|  61|0x00000000a5300000, 0x00000000a5400000, 0x00000000a5400000|100%| E|CS|TAMS 0x00000000a5300000, 0x00000000a5300000| Complete 
|  62|0x00000000a5400000, 0x00000000a5500000, 0x00000000a5500000|100%| E|CS|TAMS 0x00000000a5400000, 0x00000000a5400000| Complete 
|  63|0x00000000a5500000, 0x00000000a5600000, 0x00000000a5600000|100%| E|CS|TAMS 0x00000000a5500000, 0x00000000a5500000| Complete 
|  64|0x00000000a5600000, 0x00000000a5700000, 0x00000000a5700000|100%| E|CS|TAMS 0x00000000a5600000, 0x00000000a5600000| Complete 
|  65|0x00000000a5700000, 0x00000000a5800000, 0x00000000a5800000|100%| E|CS|TAMS 0x00000000a5700000, 0x00000000a5700000| Complete 
|  66|0x00000000a5800000, 0x00000000a5900000, 0x00000000a5900000|100%| E|CS|TAMS 0x00000000a5800000, 0x00000000a5800000| Complete 
|  94|0x00000000a7400000, 0x00000000a7500000, 0x00000000a7500000|100%| E|CS|TAMS 0x00000000a7400000, 0x00000000a7400000| Complete 
|  95|0x00000000a7500000, 0x00000000a7600000, 0x00000000a7600000|100%| E|CS|TAMS 0x00000000a7500000, 0x00000000a7500000| Complete 

Card table byte_map: [0x0000023f7d790000,0x0000023f7da90000] _byte_map_base: 0x0000023f7d285000

Marking Bits (Prev, Next): (CMBitMap*) 0x0000023f7834bb50, (CMBitMap*) 0x0000023f7834bb90
 Prev Bits: [0x0000023f7dd90000, 0x0000023f7f538000)
 Next Bits: [0x0000023f07ea0000, 0x0000023f09648000)

Polling page: 0x0000023f783b0000

Metaspace:

Usage:
  Non-class:     52.23 MB used.
      Class:      8.04 MB used.
       Both:     60.27 MB used.

Virtual space:
  Non-class space:       64.00 MB reserved,      52.56 MB ( 82%) committed,  1 nodes.
      Class space:        1.00 GB reserved,       8.31 MB ( <1%) committed,  1 nodes.
             Both:        1.06 GB reserved,      60.88 MB (  6%) committed. 

Chunk freelists:
   Non-Class:  3.48 MB
       Class:  3.64 MB
        Both:  7.12 MB

MaxMetaspaceSize: unlimited
CompressedClassSpaceSize: 1.00 GB
Initial GC threshold: 21.00 MB
Current GC threshold: 97.19 MB
CDS: on
MetaspaceReclaimPolicy: balanced
 - commit_granule_bytes: 65536.
 - commit_granule_words: 8192.
 - virtual_space_node_default_size: 8388608.
 - enlarge_chunks_in_place: 1.
 - new_chunks_are_fully_committed: 0.
 - uncommit_free_chunks: 1.
 - use_allocation_guard: 0.


Internal statistics:

num_allocs_failed_limit: 6.
num_arena_births: 738.
num_arena_deaths: 0.
num_vsnodes_births: 2.
num_vsnodes_deaths: 0.
num_space_committed: 974.
num_space_uncommitted: 0.
num_chunks_returned_to_freelist: 6.
num_chunks_taken_from_freelist: 2817.
num_chunk_merges: 6.
num_chunk_splits: 2083.
num_chunks_enlarged: 1697.
num_inconsistent_stats: 0.

CodeCache: size=49152Kb used=13216Kb max_used=14103Kb free=35935Kb
 bounds [0x0000023f79bb0000, 0x0000023f7a980000, 0x0000023f7cbb0000]
 total_blobs=7482 nmethods=6826 adapters=580
 compilation: enabled
              stopped_count=0, restarted_count=0
 full_count=0

Compilation events (20 events):
Event: 335.092 Thread 0x0000023f0b7ef770 6816       1       org.apache.catalina.core.ContainerBase::getBackgroundProcessorDelay (5 bytes)
Event: 335.092 Thread 0x0000023f0b7ef770 nmethod 6816 0x0000023f7a871010 code [0x0000023f7a8711a0, 0x0000023f7a871258]
Event: 355.098 Thread 0x0000023f0b7ef770 6817   !   1       org.apache.catalina.core.ContainerBase::findChildren (42 bytes)
Event: 355.098 Thread 0x0000023f0b7ef770 nmethod 6817 0x0000023f7a870910 code [0x0000023f7a870ae0, 0x0000023f7a870e18]
Event: 384.769 Thread 0x0000023f0b7ef770 6818       1       jdk.internal.loader.URLClassPath$FileLoader$1::getURL (5 bytes)
Event: 384.769 Thread 0x0000023f0b7ef770 nmethod 6818 0x0000023f7a870610 code [0x0000023f7a8707a0, 0x0000023f7a870858]
Event: 385.125 Thread 0x0000023f0b7ef770 6819       1       org.apache.catalina.valves.ValveBase::backgroundProcess (1 bytes)
Event: 385.125 Thread 0x0000023f0b7ef770 nmethod 6819 0x0000023f7a870310 code [0x0000023f7a8704a0, 0x0000023f7a870558]
Event: 425.163 Thread 0x0000023f0b7ef770 6821       1       java.util.concurrent.atomic.AtomicIntegerFieldUpdater$AtomicIntegerFieldUpdaterImpl::accessCheck (17 bytes)
Event: 425.164 Thread 0x0000023f0b7ef770 nmethod 6821 0x0000023f7a86fb90 code [0x0000023f7a86fd40, 0x0000023f7a86fe68]
Event: 445.161 Thread 0x0000023f0b7ef770 6822       1       org.apache.catalina.core.StandardWrapper::getServlet (5 bytes)
Event: 445.161 Thread 0x0000023f0b7ef770 nmethod 6822 0x0000023f7a86f890 code [0x0000023f7a86fa20, 0x0000023f7a86faf8]
Event: 495.203 Thread 0x0000023f0b7ef770 6823   !   1       org.apache.catalina.core.ContainerBase::getRealmInternal (38 bytes)
Event: 495.203 Thread 0x0000023f0b7ef770 nmethod 6823 0x0000023f7a86f090 code [0x0000023f7a86f280, 0x0000023f7a86f598]
Event: 495.203 Thread 0x0000023f0b7ef770 6824       1       org.apache.catalina.mapper.MapperListener::lifecycleEvent (178 bytes)
Event: 495.204 Thread 0x0000023f0b7ef770 nmethod 6824 0x0000023f7a86e110 code [0x0000023f7a86e3a0, 0x0000023f7a86ec58]
Event: 495.204 Thread 0x0000023f0b7ef770 6825   !   1       org.apache.catalina.core.ContainerBase::getClusterInternal (38 bytes)
Event: 495.205 Thread 0x0000023f0b7ef770 nmethod 6825 0x0000023f7a86d910 code [0x0000023f7a86db00, 0x0000023f7a86de18]
Event: 515.206 Thread 0x0000023f0b7ef770 6826       1       org.apache.catalina.core.StandardPipeline::getFirst (17 bytes)
Event: 515.206 Thread 0x0000023f0b7ef770 nmethod 6826 0x0000023f7a86d610 code [0x0000023f7a86d7a0, 0x0000023f7a86d898]

GC Heap History (20 events):
Event: 4.715 GC heap before
{Heap before GC invocations=11 (full 0):
 garbage-first heap   total 58368K, used 24331K [0x00000000a1600000, 0x0000000100000000)
  region size 1024K, 4 young (4096K), 3 survivors (3072K)
 Metaspace       used 42651K, committed 43200K, reserved 1114112K
  class space    used 5695K, committed 5952K, reserved 1048576K
}
Event: 4.720 GC heap after
{Heap after GC invocations=12 (full 0):
 garbage-first heap   total 58368K, used 23501K [0x00000000a1600000, 0x0000000100000000)
  region size 1024K, 1 young (1024K), 1 survivors (1024K)
 Metaspace       used 42651K, committed 43200K, reserved 1114112K
  class space    used 5695K, committed 5952K, reserved 1048576K
}
Event: 5.207 GC heap before
{Heap before GC invocations=12 (full 0):
 garbage-first heap   total 58368K, used 42957K [0x00000000a1600000, 0x0000000100000000)
  region size 1024K, 21 young (21504K), 1 survivors (1024K)
 Metaspace       used 48355K, committed 48832K, reserved 1114112K
  class space    used 6557K, committed 6784K, reserved 1048576K
}
Event: 5.209 GC heap after
{Heap after GC invocations=13 (full 0):
 garbage-first heap   total 58368K, used 24236K [0x00000000a1600000, 0x0000000100000000)
  region size 1024K, 2 young (2048K), 2 survivors (2048K)
 Metaspace       used 48355K, committed 48832K, reserved 1114112K
  class space    used 6557K, committed 6784K, reserved 1048576K
}
Event: 5.797 GC heap before
{Heap before GC invocations=13 (full 0):
 garbage-first heap   total 58368K, used 44716K [0x00000000a1600000, 0x0000000100000000)
  region size 1024K, 22 young (22528K), 2 survivors (2048K)
 Metaspace       used 51853K, committed 52288K, reserved 1114112K
  class space    used 7011K, committed 7232K, reserved 1048576K
}
Event: 5.801 GC heap after
{Heap after GC invocations=14 (full 0):
 garbage-first heap   total 58368K, used 25867K [0x00000000a1600000, 0x0000000100000000)
  region size 1024K, 3 young (3072K), 3 survivors (3072K)
 Metaspace       used 51853K, committed 52288K, reserved 1114112K
  class space    used 7011K, committed 7232K, reserved 1048576K
}
Event: 6.021 GC heap before
{Heap before GC invocations=14 (full 0):
 garbage-first heap   total 58368K, used 45323K [0x00000000a1600000, 0x0000000100000000)
  region size 1024K, 22 young (22528K), 3 survivors (3072K)
 Metaspace       used 53556K, committed 54144K, reserved 1114112K
  class space    used 7214K, committed 7488K, reserved 1048576K
}
Event: 6.025 GC heap after
{Heap after GC invocations=15 (full 0):
 garbage-first heap   total 58368K, used 26714K [0x00000000a1600000, 0x0000000100000000)
  region size 1024K, 1 young (1024K), 1 survivors (1024K)
 Metaspace       used 53556K, committed 54144K, reserved 1114112K
  class space    used 7214K, committed 7488K, reserved 1048576K
}
Event: 6.374 GC heap before
{Heap before GC invocations=15 (full 0):
 garbage-first heap   total 58368K, used 46170K [0x00000000a1600000, 0x0000000100000000)
  region size 1024K, 20 young (20480K), 1 survivors (1024K)
 Metaspace       used 55826K, committed 56320K, reserved 1114112K
  class space    used 7515K, committed 7744K, reserved 1048576K
}
Event: 6.378 GC heap after
{Heap after GC invocations=16 (full 0):
 garbage-first heap   total 70656K, used 28160K [0x00000000a1600000, 0x0000000100000000)
  region size 1024K, 3 young (3072K), 3 survivors (3072K)
 Metaspace       used 55826K, committed 56320K, reserved 1114112K
  class space    used 7515K, committed 7744K, reserved 1048576K
}
Event: 94.235 GC heap before
{Heap before GC invocations=17 (full 0):
 garbage-first heap   total 70656K, used 52736K [0x00000000a1600000, 0x0000000100000000)
  region size 1024K, 28 young (28672K), 3 survivors (3072K)
 Metaspace       used 59126K, committed 59712K, reserved 1114112K
  class space    used 7971K, committed 8256K, reserved 1048576K
}
Event: 94.295 GC heap after
{Heap after GC invocations=18 (full 1):
 garbage-first heap   total 70656K, used 26012K [0x00000000a1600000, 0x0000000100000000)
  region size 1024K, 0 young (0K), 0 survivors (0K)
 Metaspace       used 59126K, committed 59712K, reserved 1114112K
  class space    used 7971K, committed 8256K, reserved 1048576K
}
Event: 94.837 GC heap before
{Heap before GC invocations=18 (full 1):
 garbage-first heap   total 70656K, used 53660K [0x00000000a1600000, 0x0000000100000000)
  region size 1024K, 28 young (28672K), 0 survivors (0K)
 Metaspace       used 59203K, committed 59776K, reserved 1114112K
  class space    used 7981K, committed 8256K, reserved 1048576K
}
Event: 94.839 GC heap after
{Heap after GC invocations=19 (full 1):
 garbage-first heap   total 70656K, used 28388K [0x00000000a1600000, 0x0000000100000000)
  region size 1024K, 3 young (3072K), 3 survivors (3072K)
 Metaspace       used 59203K, committed 59776K, reserved 1114112K
  class space    used 7981K, committed 8256K, reserved 1048576K
}
Event: 95.270 GC heap before
{Heap before GC invocations=19 (full 1):
 garbage-first heap   total 70656K, used 53988K [0x00000000a1600000, 0x0000000100000000)
  region size 1024K, 28 young (28672K), 3 survivors (3072K)
 Metaspace       used 59327K, committed 59904K, reserved 1114112K
  class space    used 7990K, committed 8256K, reserved 1048576K
}
Event: 95.273 GC heap after
{Heap after GC invocations=20 (full 1):
 garbage-first heap   total 70656K, used 29891K [0x00000000a1600000, 0x0000000100000000)
  region size 1024K, 2 young (2048K), 2 survivors (2048K)
 Metaspace       used 59327K, committed 59904K, reserved 1114112K
  class space    used 7990K, committed 8256K, reserved 1048576K
}
Event: 95.437 GC heap before
{Heap before GC invocations=20 (full 1):
 garbage-first heap   total 70656K, used 54467K [0x00000000a1600000, 0x0000000100000000)
  region size 1024K, 26 young (26624K), 2 survivors (2048K)
 Metaspace       used 59490K, committed 60096K, reserved 1114112K
  class space    used 8001K, committed 8320K, reserved 1048576K
}
Event: 95.440 GC heap after
{Heap after GC invocations=21 (full 1):
 garbage-first heap   total 70656K, used 30672K [0x00000000a1600000, 0x0000000100000000)
  region size 1024K, 3 young (3072K), 3 survivors (3072K)
 Metaspace       used 59490K, committed 60096K, reserved 1114112K
  class space    used 8001K, committed 8320K, reserved 1048576K
}
Event: 210.615 GC heap before
{Heap before GC invocations=21 (full 1):
 garbage-first heap   total 70656K, used 55248K [0x00000000a1600000, 0x0000000100000000)
  region size 1024K, 27 young (27648K), 3 survivors (3072K)
 Metaspace       used 61674K, committed 62272K, reserved 1114112K
  class space    used 8234K, committed 8512K, reserved 1048576K
}
Event: 210.621 GC heap after
{Heap after GC invocations=22 (full 1):
 garbage-first heap   total 70656K, used 31922K [0x00000000a1600000, 0x0000000100000000)
  region size 1024K, 3 young (3072K), 3 survivors (3072K)
 Metaspace       used 61674K, committed 62272K, reserved 1114112K
  class space    used 8234K, committed 8512K, reserved 1048576K
}

Dll operation events (13 events):
Event: 0.015 Loaded shared library C:\Program Files\Java\jdk-19\bin\java.dll
Event: 0.026 Loaded shared library C:\Program Files\Java\jdk-19\bin\jsvml.dll
Event: 0.327 Loaded shared library C:\Program Files\Java\jdk-19\bin\zip.dll
Event: 0.331 Loaded shared library C:\Program Files\Java\jdk-19\bin\instrument.dll
Event: 0.337 Loaded shared library C:\Program Files\Java\jdk-19\bin\net.dll
Event: 0.339 Loaded shared library C:\Program Files\Java\jdk-19\bin\nio.dll
Event: 0.345 Loaded shared library C:\Program Files\Java\jdk-19\bin\zip.dll
Event: 0.488 Loaded shared library C:\Program Files\Java\jdk-19\bin\jimage.dll
Event: 0.538 Loaded shared library C:\Program Files\Java\jdk-19\bin\management.dll
Event: 0.548 Loaded shared library C:\Program Files\Java\jdk-19\bin\management_ext.dll
Event: 0.807 Loaded shared library C:\Program Files\Java\jdk-19\bin\extnet.dll
Event: 0.885 Loaded shared library C:\Program Files\Java\jdk-19\bin\verify.dll
Event: 3.282 Loaded shared library C:\Program Files\Java\jdk-19\bin\sunmscapi.dll

Deoptimization events (20 events):
Event: 210.623 Thread 0x0000023f11c50590 DEOPT PACKING pc=0x0000023f7a28481c sp=0x000000811d2fcbb0
Event: 210.623 Thread 0x0000023f11c50590 DEOPT UNPACKING pc=0x0000023f79c17543 sp=0x000000811d2fc160 mode 1
Event: 210.624 Thread 0x0000023f11c50590 DEOPT PACKING pc=0x0000023f7a281bac sp=0x000000811d2fc960
Event: 210.624 Thread 0x0000023f11c50590 DEOPT UNPACKING pc=0x0000023f79c17543 sp=0x000000811d2fbe98 mode 1
Event: 210.624 Thread 0x0000023f11c50590 DEOPT PACKING pc=0x0000023f7a2832a4 sp=0x000000811d2fca50
Event: 210.624 Thread 0x0000023f11c50590 DEOPT UNPACKING pc=0x0000023f79c17543 sp=0x000000811d2fbff8 mode 1
Event: 210.624 Thread 0x0000023f11c50590 DEOPT PACKING pc=0x0000023f7a28481c sp=0x000000811d2fcbb0
Event: 210.624 Thread 0x0000023f11c50590 DEOPT UNPACKING pc=0x0000023f79c17543 sp=0x000000811d2fc160 mode 1
Event: 210.624 Thread 0x0000023f11c50590 DEOPT PACKING pc=0x0000023f7a358bec sp=0x000000811d2fcc90
Event: 210.624 Thread 0x0000023f11c50590 DEOPT UNPACKING pc=0x0000023f79c17543 sp=0x000000811d2fc1f0 mode 1
Event: 210.624 Thread 0x0000023f11c50590 DEOPT PACKING pc=0x0000023f7a4726e4 sp=0x000000811d2fcdb0
Event: 210.624 Thread 0x0000023f11c50590 DEOPT UNPACKING pc=0x0000023f79c17543 sp=0x000000811d2fc280 mode 1
Event: 210.632 Thread 0x0000023f11c50590 DEOPT PACKING pc=0x0000023f7a281bac sp=0x000000811d2fc960
Event: 210.632 Thread 0x0000023f11c50590 DEOPT UNPACKING pc=0x0000023f79c17543 sp=0x000000811d2fbe98 mode 1
Event: 210.632 Thread 0x0000023f11c50590 DEOPT PACKING pc=0x0000023f7a2832a4 sp=0x000000811d2fca50
Event: 210.632 Thread 0x0000023f11c50590 DEOPT UNPACKING pc=0x0000023f79c17543 sp=0x000000811d2fbff8 mode 1
Event: 210.632 Thread 0x0000023f11c50590 DEOPT PACKING pc=0x0000023f7a28481c sp=0x000000811d2fcbb0
Event: 210.632 Thread 0x0000023f11c50590 DEOPT UNPACKING pc=0x0000023f79c17543 sp=0x000000811d2fc160 mode 1
Event: 520.554 Thread 0x0000023f11c50590 DEOPT PACKING pc=0x0000023f7a93cba4 sp=0x000000811d2fd660
Event: 520.554 Thread 0x0000023f11c50590 DEOPT UNPACKING pc=0x0000023f79c17543 sp=0x000000811d2fcb08 mode 0

Classes loaded (20 events):
Event: 115.829 Loading class org/w3c/dom/DocumentType
Event: 115.829 Loading class org/w3c/dom/DocumentType done
Event: 115.829 Loading class org/w3c/dom/Document
Event: 115.829 Loading class org/w3c/dom/Document done
Event: 115.829 Loading class org/w3c/dom/Element
Event: 115.829 Loading class org/w3c/dom/Element done
Event: 115.871 Loading class java/lang/ExceptionInInitializerError
Event: 115.871 Loading class java/lang/ExceptionInInitializerError done
Event: 115.887 Loading class java/util/Scanner
Event: 115.888 Loading class java/util/Scanner done
Event: 115.889 Loading class java/util/Scanner$PatternLRUCache
Event: 115.889 Loading class java/util/Scanner$PatternLRUCache done
Event: 115.890 Loading class java/util/regex/Matcher$ImmutableMatchResult
Event: 115.890 Loading class java/util/regex/Matcher$ImmutableMatchResult done
Event: 115.894 Loading class java/io/PrintWriter$1
Event: 115.894 Loading class jdk/internal/access/JavaIOPrintWriterAccess
Event: 115.894 Loading class jdk/internal/access/JavaIOPrintWriterAccess done
Event: 115.894 Loading class java/io/PrintWriter$1 done
Event: 115.895 Loading class java/nio/StringCharBuffer
Event: 115.895 Loading class java/nio/StringCharBuffer done

Classes unloaded (0 events):
No events

Classes redefined (5 events):
Event: 85.476 Thread 0x0000023f0b7bfdb0 redefined class name=com.fisheries.Controller.MainController, count=1
Event: 520.595 Thread 0x0000023f0b7bfdb0 redefined class name=com.fisheries.Repo.ExcelRepo, count=1
Event: 520.595 Thread 0x0000023f0b7bfdb0 redefined class name=com.fisheries.Repo.ExcelRepo, count=1
Event: 520.595 Thread 0x0000023f0b7bfdb0 redefined class name=com.fisheries.Controller.MainController, count=1
Event: 520.595 Thread 0x0000023f0b7bfdb0 redefined class name=com.fisheries.Controller.MainController, count=2

Internal exceptions (20 events):
Event: 94.731 Thread 0x0000023f11c55a90 Exception <a 'java/lang/NoClassDefFoundError'{0x00000000a467eef8}: org/flywaydb/core/Flyway> (0x00000000a467eef8) 
thrown [s\open\src\hotspot\share\oops\constantPool.cpp, line 837]
Event: 94.732 Thread 0x0000023f11c55a90 Exception <a 'java/lang/NoClassDefFoundError'{0x00000000a467f558}: liquibase/integration/spring/SpringLiquibase> (0x00000000a467f558) 
thrown [s\open\src\hotspot\share\oops\constantPool.cpp, line 837]
Event: 94.738 Thread 0x0000023f11c55a90 Exception <a 'java/lang/NoClassDefFoundError'{0x00000000a46d64e0}: org/jooq/DSLContext> (0x00000000a46d64e0) 
thrown [s\open\src\hotspot\share\oops\constantPool.cpp, line 837]
Event: 94.739 Thread 0x0000023f11c55a90 Exception <a 'java/lang/NoClassDefFoundError'{0x00000000a46e2c40}: org/springframework/batch/core/repository/JobRepository> (0x00000000a46e2c40) 
thrown [s\open\src\hotspot\share\oops\constantPool.cpp, line 837]
Event: 94.739 Thread 0x0000023f11c55a90 Exception <a 'java/lang/NoClassDefFoundError'{0x00000000a46e3298}: org/quartz/Scheduler> (0x00000000a46e3298) 
thrown [s\open\src\hotspot\share\oops\constantPool.cpp, line 837]
Event: 94.740 Thread 0x0000023f11c55a90 Exception <a 'java/lang/NoClassDefFoundError'{0x00000000a46e3918}: org/springframework/session/jdbc/JdbcIndexedSessionRepository> (0x00000000a46e3918) 
thrown [s\open\src\hotspot\share\oops\constantPool.cpp, line 837]
Event: 94.809 Thread 0x0000023f11c55a90 Exception <a 'sun/nio/fs/WindowsException'{0x00000000a3f0c290}> (0x00000000a3f0c290) 
thrown [s\open\src\hotspot\share\prims\jni.cpp, line 517]
Event: 94.809 Thread 0x0000023f11c55a90 Exception <a 'sun/nio/fs/WindowsException'{0x00000000a3f0c870}> (0x00000000a3f0c870) 
thrown [s\open\src\hotspot\share\prims\jni.cpp, line 517]
Event: 94.809 Thread 0x0000023f11c55a90 Exception <a 'sun/nio/fs/WindowsException'{0x00000000a3f0cf18}> (0x00000000a3f0cf18) 
thrown [s\open\src\hotspot\share\prims\jni.cpp, line 517]
Event: 94.826 Thread 0x0000023f11c55a90 Exception <a 'java/io/FileNotFoundException'{0x00000000a3f46a70}> (0x00000000a3f46a70) 
thrown [s\open\src\hotspot\share\prims\jni.cpp, line 517]
Event: 95.276 Thread 0x0000023f11c55a90 Exception <a 'java/lang/ClassNotFoundException'{0x00000000a752b120}: java/lang/ObjectCustomizer> (0x00000000a752b120) 
thrown [s\open\src\hotspot\share\classfile\systemDictionary.cpp, line 255]
Event: 95.277 Thread 0x0000023f11c55a90 Exception <a 'java/lang/ClassNotFoundException'{0x00000000a7534428}: com/fisheries/VO/SocietyDataVOCustomizer> (0x00000000a7534428) 
thrown [s\open\src\hotspot\share\classfile\systemDictionary.cpp, line 255]
Event: 95.280 Thread 0x0000023f11c55a90 Exception <a 'java/lang/ClassNotFoundException'{0x00000000a755e218}: java/lang/ObjectCustomizer> (0x00000000a755e218) 
thrown [s\open\src\hotspot\share\classfile\systemDictionary.cpp, line 255]
Event: 95.282 Thread 0x0000023f11c55a90 Exception <a 'java/lang/ClassNotFoundException'{0x00000000a75670e0}: com/fisheries/VO/FisherManListCustomizer> (0x00000000a75670e0) 
thrown [s\open\src\hotspot\share\classfile\systemDictionary.cpp, line 255]
Event: 95.339 Thread 0x0000023f11c55a90 Exception <a 'java/lang/ClassNotFoundException'{0x00000000a51f4a78}: java/lang/ObjectCustomizer> (0x00000000a51f4a78) 
thrown [s\open\src\hotspot\share\classfile\systemDictionary.cpp, line 255]
Event: 95.340 Thread 0x0000023f11c55a90 Exception <a 'java/lang/ClassNotFoundException'{0x00000000a51fd1a0}: com/fisheries/VO/FisherManDataVOCustomizer> (0x00000000a51fd1a0) 
thrown [s\open\src\hotspot\share\classfile\systemDictionary.cpp, line 255]
Event: 115.871 Thread 0x0000023f11c51030 Exception <a 'java/lang/ExceptionInInitializerError'{0x00000000a46827d8}> (0x00000000a46827d8) 
thrown [s\open\src\hotspot\share\oops\instanceKlass.cpp, line 1173]
Event: 115.876 Thread 0x0000023f11c51030 Exception <a 'java/lang/ExceptionInInitializerError'{0x00000000a46827d8}> (0x00000000a46827d8) 
thrown [s\open\src\hotspot\share\oops\instanceKlass.cpp, line 1168]
Event: 115.876 Thread 0x0000023f11c51030 Exception <a 'java/lang/ExceptionInInitializerError'{0x00000000a46827d8}> (0x00000000a46827d8) 
thrown [s\open\src\hotspot\share\oops\instanceKlass.cpp, line 1118]
Event: 115.877 Thread 0x0000023f11c51030 Exception <a 'java/lang/ExceptionInInitializerError'{0x00000000a46827d8}> (0x00000000a46827d8) 
thrown [s\open\src\hotspot\share\oops\instanceKlass.cpp, line 1168]

VM Operations (20 events):
Event: 520.775 Executing VM operation: ChangeBreakpoints
Event: 520.778 Executing VM operation: ChangeBreakpoints done
Event: 520.781 Executing VM operation: ChangeBreakpoints
Event: 520.783 Executing VM operation: ChangeBreakpoints done
Event: 520.784 Executing VM operation: ChangeBreakpoints
Event: 520.786 Executing VM operation: ChangeBreakpoints done
Event: 520.807 Executing VM operation: ChangeBreakpoints
Event: 520.810 Executing VM operation: ChangeBreakpoints done
Event: 520.812 Executing VM operation: ChangeBreakpoints
Event: 520.814 Executing VM operation: ChangeBreakpoints done
Event: 520.835 Executing VM operation: ChangeBreakpoints
Event: 520.838 Executing VM operation: ChangeBreakpoints done
Event: 520.839 Executing VM operation: ChangeBreakpoints
Event: 520.842 Executing VM operation: ChangeBreakpoints done
Event: 520.861 Executing VM operation: ChangeBreakpoints
Event: 520.863 Executing VM operation: ChangeBreakpoints done
Event: 520.865 Executing VM operation: ChangeBreakpoints
Event: 520.868 Executing VM operation: ChangeBreakpoints done
Event: 520.870 Executing VM operation: ChangeSingleStep
Event: 520.871 Executing VM operation: ChangeSingleStep done

Events (20 events):
Event: 95.589 Thread 0x0000023f11c50590 Thread added: 0x0000023f11c50590
Event: 95.589 Thread 0x0000023f11c54aa0 Thread added: 0x0000023f11c54aa0
Event: 95.589 Thread 0x0000023f11c52570 Thread added: 0x0000023f11c52570
Event: 95.589 Thread 0x0000023f11c51ad0 Thread added: 0x0000023f11c51ad0
Event: 95.590 Thread 0x0000023f11c51580 Thread added: 0x0000023f11c51580
Event: 95.590 Thread 0x0000023f11c4f050 Thread added: 0x0000023f11c4f050
Event: 95.590 Thread 0x0000023f11c4f5a0 Thread added: 0x0000023f11c4f5a0
Event: 95.590 Thread 0x0000023f11c4faf0 Thread added: 0x0000023f11c4faf0
Event: 95.590 Thread 0x0000023f11c52020 Thread added: 0x0000023f11c52020
Event: 95.590 Thread 0x0000023f109ee240 Thread added: 0x0000023f109ee240
Event: 95.593 Thread 0x0000023f109ebd10 Thread added: 0x0000023f109ebd10
Event: 95.593 Thread 0x0000023f109ed250 Thread added: 0x0000023f109ed250
Event: 95.611 Thread 0x0000023f11c55a90 Thread exited: 0x0000023f11c55a90
Event: 95.611 Thread 0x0000023f11c53010 Thread exited: 0x0000023f11c53010
Event: 97.606 Thread 0x0000023f1099afa0 Thread exited: 0x0000023f1099afa0
Event: 100.152 Thread 0x0000023f11c54000 Thread exited: 0x0000023f11c54000
Event: 102.616 Thread 0x0000023f0fc8b060 Thread exited: 0x0000023f0fc8b060
Event: 115.897 Thread 0x0000023f11c51030 Thread exited: 0x0000023f11c51030
Event: 210.639 Thread 0x0000023f10961e20 Thread added: 0x0000023f10961e20
Event: 214.610 Thread 0x0000023f10961e20 Thread exited: 0x0000023f10961e20


Dynamic libraries:
0x00007ff798d00000 - 0x00007ff798d10000 	C:\Program Files\Java\jdk-19\bin\javaw.exe
0x00007ffe0a710000 - 0x00007ffe0a927000 	C:\WINDOWS\SYSTEM32\ntdll.dll
0x00007ffe09b10000 - 0x00007ffe09bd4000 	C:\WINDOWS\System32\KERNEL32.DLL
0x00007ffe07f90000 - 0x00007ffe08335000 	C:\WINDOWS\System32\KERNELBASE.dll
0x00007ffe08340000 - 0x00007ffe08451000 	C:\WINDOWS\System32\ucrtbase.dll
0x00007ffe04500000 - 0x00007ffe0451b000 	C:\Program Files\Java\jdk-19\bin\VCRUNTIME140.dll
0x00007ffe02040000 - 0x00007ffe02058000 	C:\Program Files\Java\jdk-19\bin\jli.dll
0x00007ffe0a140000 - 0x00007ffe0a1f1000 	C:\WINDOWS\System32\ADVAPI32.dll
0x00007ffe0a3c0000 - 0x00007ffe0a467000 	C:\WINDOWS\System32\msvcrt.dll
0x00007ffe095d0000 - 0x00007ffe09676000 	C:\WINDOWS\System32\sechost.dll
0x00007ffe092b0000 - 0x00007ffe093c7000 	C:\WINDOWS\System32\RPCRT4.dll
0x00007ffe09960000 - 0x00007ffe09b0e000 	C:\WINDOWS\System32\USER32.dll
0x00007ffe07ce0000 - 0x00007ffe07d06000 	C:\WINDOWS\System32\win32u.dll
0x00007ffe09450000 - 0x00007ffe09479000 	C:\WINDOWS\System32\GDI32.dll
0x00007ffdf14f0000 - 0x00007ffdf1783000 	C:\WINDOWS\WinSxS\amd64_microsoft.windows.common-controls_6595b64144ccf1df_6.0.22621.2506_none_270c5ae97388e100\COMCTL32.dll
0x00007ffe07bc0000 - 0x00007ffe07cd9000 	C:\WINDOWS\System32\gdi32full.dll
0x00007ffe07d10000 - 0x00007ffe07daa000 	C:\WINDOWS\System32\msvcp_win.dll
0x00007ffdfed40000 - 0x00007ffdfed4a000 	C:\WINDOWS\SYSTEM32\VERSION.dll
0x00007ffe09710000 - 0x00007ffe09741000 	C:\WINDOWS\System32\IMM32.DLL
0x00007ffe04d60000 - 0x00007ffe04d6c000 	C:\Program Files\Java\jdk-19\bin\vcruntime140_1.dll
0x00007ffddb4e0000 - 0x00007ffddb56e000 	C:\Program Files\Java\jdk-19\bin\msvcp140.dll
0x00007ffd87000000 - 0x00007ffd87cc0000 	C:\Program Files\Java\jdk-19\bin\server\jvm.dll
0x00007ffdeb3d0000 - 0x00007ffdeb3d9000 	C:\WINDOWS\SYSTEM32\WSOCK32.dll
0x00007ffe00320000 - 0x00007ffe00354000 	C:\WINDOWS\SYSTEM32\WINMM.dll
0x00007ffe094a0000 - 0x00007ffe09511000 	C:\WINDOWS\System32\WS2_32.dll
0x00007ffe06a80000 - 0x00007ffe06a98000 	C:\WINDOWS\SYSTEM32\kernel.appcore.dll
0x00007ffe045e0000 - 0x00007ffe045ea000 	C:\Program Files\Java\jdk-19\bin\jimage.dll
0x00007ffdf5270000 - 0x00007ffdf54a3000 	C:\WINDOWS\SYSTEM32\DBGHELP.DLL
0x00007ffe084c0000 - 0x00007ffe08849000 	C:\WINDOWS\System32\combase.dll
0x00007ffe0a060000 - 0x00007ffe0a137000 	C:\WINDOWS\System32\OLEAUT32.dll
0x00007ffdeb540000 - 0x00007ffdeb572000 	C:\WINDOWS\SYSTEM32\dbgcore.DLL
0x00007ffe07b40000 - 0x00007ffe07bba000 	C:\WINDOWS\System32\bcryptPrimitives.dll
0x00007ffe01be0000 - 0x00007ffe01c1c000 	C:\Program Files\Java\jdk-19\bin\jdwp.dll
0x00007ffe02030000 - 0x00007ffe0203e000 	C:\Program Files\Java\jdk-19\bin\instrument.dll
0x00007ffdf4d20000 - 0x00007ffdf4d46000 	C:\Program Files\Java\jdk-19\bin\java.dll
0x00007ffddb400000 - 0x00007ffddb4d7000 	C:\Program Files\Java\jdk-19\bin\jsvml.dll
0x00007ffe08850000 - 0x00007ffe090a9000 	C:\WINDOWS\System32\SHELL32.dll
0x00007ffe059a0000 - 0x00007ffe06294000 	C:\WINDOWS\SYSTEM32\windows.storage.dll
0x00007ffe05860000 - 0x00007ffe0599e000 	C:\WINDOWS\SYSTEM32\wintypes.dll
0x00007ffe0a470000 - 0x00007ffe0a563000 	C:\WINDOWS\System32\SHCORE.dll
0x00007ffe0a570000 - 0x00007ffe0a5ce000 	C:\WINDOWS\System32\shlwapi.dll
0x00007ffe079b0000 - 0x00007ffe079d6000 	C:\WINDOWS\SYSTEM32\profapi.dll
0x00007ffe019e0000 - 0x00007ffe019ec000 	C:\Program Files\Java\jdk-19\bin\dt_socket.dll
0x00007ffe06500000 - 0x00007ffe0652d000 	C:\WINDOWS\SYSTEM32\IPHLPAPI.DLL
0x00007ffe06f00000 - 0x00007ffe06f69000 	C:\WINDOWS\system32\mswsock.dll
0x00007ffe06570000 - 0x00007ffe06669000 	C:\WINDOWS\SYSTEM32\DNSAPI.dll
0x00007ffe09100000 - 0x00007ffe09109000 	C:\WINDOWS\System32\NSI.dll
0x00007ffdfed70000 - 0x00007ffdfed7a000 	C:\Windows\System32\rasadhlp.dll
0x00007ffdfdff0000 - 0x00007ffdfe073000 	C:\WINDOWS\System32\fwpuclnt.dll
0x00007ffdf46f0000 - 0x00007ffdf4708000 	C:\Program Files\Java\jdk-19\bin\zip.dll
0x00007ffdf46d0000 - 0x00007ffdf46e3000 	C:\Program Files\Java\jdk-19\bin\net.dll
0x00007ffdffbd0000 - 0x00007ffdffd07000 	C:\WINDOWS\SYSTEM32\WINHTTP.dll
0x00007ffddb3e0000 - 0x00007ffddb3f6000 	C:\Program Files\Java\jdk-19\bin\nio.dll
0x00007ffe019d0000 - 0x00007ffe019da000 	C:\Program Files\Java\jdk-19\bin\management.dll
0x00007ffe01930000 - 0x00007ffe0193b000 	C:\Program Files\Java\jdk-19\bin\management_ext.dll
0x00007ffe09770000 - 0x00007ffe09778000 	C:\WINDOWS\System32\PSAPI.DLL
0x00007ffde9bc0000 - 0x00007ffde9bd7000 	C:\WINDOWS\system32\napinsp.dll
0x00007ffde99a0000 - 0x00007ffde99bb000 	C:\WINDOWS\system32\pnrpnsp.dll
0x00007ffde9830000 - 0x00007ffde9841000 	C:\WINDOWS\System32\winrnr.dll
0x00007ffdff0d0000 - 0x00007ffdff0e5000 	C:\WINDOWS\system32\wshbth.dll
0x00007ffde9780000 - 0x00007ffde97a1000 	C:\WINDOWS\system32\nlansp_c.dll
0x00007ffe07160000 - 0x00007ffe0717b000 	C:\WINDOWS\SYSTEM32\CRYPTSP.dll
0x00007ffe069e0000 - 0x00007ffe06a15000 	C:\WINDOWS\system32\rsaenh.dll
0x00007ffe06ff0000 - 0x00007ffe0701c000 	C:\WINDOWS\SYSTEM32\USERENV.dll
0x00007ffe07340000 - 0x00007ffe07368000 	C:\WINDOWS\SYSTEM32\bcrypt.dll
0x00007ffe07150000 - 0x00007ffe0715c000 	C:\WINDOWS\SYSTEM32\CRYPTBASE.dll
0x00007ffe00370000 - 0x00007ffe00389000 	C:\WINDOWS\SYSTEM32\dhcpcsvc6.DLL
0x00007ffdffbb0000 - 0x00007ffdffbcf000 	C:\WINDOWS\SYSTEM32\dhcpcsvc.DLL
0x00007ffe008d0000 - 0x00007ffe008d8000 	C:\Program Files\Java\jdk-19\bin\extnet.dll
0x00007ffe003f0000 - 0x00007ffe00400000 	C:\Program Files\Java\jdk-19\bin\verify.dll
0x00007ffdf4d10000 - 0x00007ffdf4d1e000 	C:\Program Files\Java\jdk-19\bin\sunmscapi.dll
0x00007ffe07db0000 - 0x00007ffe07f16000 	C:\WINDOWS\System32\CRYPT32.dll
0x00007ffe07310000 - 0x00007ffe0733d000 	C:\WINDOWS\SYSTEM32\ncrypt.dll
0x00007ffe072d0000 - 0x00007ffe07307000 	C:\WINDOWS\SYSTEM32\NTASN1.dll
0x00007ffdf1070000 - 0x00007ffdf1078000 	C:\WINDOWS\system32\wshunix.dll

dbghelp: loaded successfully - version: 4.0.5 - missing functions: none
symbol engine: initialized successfully - sym options: 0x614 - pdb path: .;C:\Program Files\Java\jdk-19\bin;C:\WINDOWS\SYSTEM32;C:\WINDOWS\WinSxS\amd64_microsoft.windows.common-controls_6595b64144ccf1df_6.0.22621.2506_none_270c5ae97388e100;C:\Program Files\Java\jdk-19\bin\server

VM Arguments:
jvm_args: -XX:+ShowCodeDetailsInExceptionMessages -agentlib:jdwp=transport=dt_socket,suspend=y,address=localhost:61748 -Dcom.sun.management.jmxremote -Dcom.sun.management.jmxremote.port=61747 -Dcom.sun.management.jmxremote.authenticate=false -Dcom.sun.management.jmxremote.ssl=false -Djava.rmi.server.hostname=localhost -Dspring.jmx.enabled=true -Dspring.application.admin.enabled=true -XX:TieredStopAtLevel=1 -Dspring.boot.project.name=fisheries -javaagent:C:\Users\HP\eclipse\jee-2022-03\eclipse\configuration\org.eclipse.osgi\422\0\.cp\lib\javaagent-shaded.jar -Dfile.encoding=UTF-8 
java_command: com.fisheries.FisheriesApplication
java_class_path (initial): C:\Users\HP\git\fisheries\fisheries\target\classes;C:\Users\HP\.m2\repository\jstl\jstl\1.2\jstl-1.2.jar;C:\Users\HP\.m2\repository\org\springframework\boot\spring-boot-starter-data-jpa\2.7.3\spring-boot-starter-data-jpa-2.7.3.jar;C:\Users\HP\.m2\repository\org\springframework\boot\spring-boot-starter-aop\2.7.3\spring-boot-starter-aop-2.7.3.jar;C:\Users\HP\.m2\repository\org\springframework\spring-aop\5.3.22\spring-aop-5.3.22.jar;C:\Users\HP\.m2\repository\org\aspectj\aspectjweaver\1.9.7\aspectjweaver-1.9.7.jar;C:\Users\HP\.m2\repository\org\springframework\boot\spring-boot-starter-jdbc\2.7.3\spring-boot-starter-jdbc-2.7.3.jar;C:\Users\HP\.m2\repository\com\zaxxer\HikariCP\4.0.3\HikariCP-4.0.3.jar;C:\Users\HP\.m2\repository\org\springframework\spring-jdbc\5.3.22\spring-jdbc-5.3.22.jar;C:\Users\HP\.m2\repository\jakarta\transaction\jakarta.transaction-api\1.3.3\jakarta.transaction-api-1.3.3.jar;C:\Users\HP\.m2\repository\jakarta\persistence\jakarta.persistence-api\2.2.3\jakarta.persistence-api-2.2.3.jar;C:\Users\HP\.m2\repository\org\hibernate\hibernate-core\5.6.10.Final\hibernate-core-5.6.10.Final.jar;C:\Users\HP\.m2\repository\org\jboss\logging\jboss-logging\3.4.3.Final\jboss-logging-3.4.3.Final.jar;C:\Users\HP\.m2\repository\net\bytebuddy\byte-buddy\1.12.13\byte-buddy-1.12.13.jar;C:\Users\HP\.m2\repository\antlr\antlr\2.7.7\antlr-2.7.7.jar;C:\Users\HP\.m2\repository\org\jboss\jandex\2.4.2.Final\jandex-2.4.2.Final.jar;C:\Users\HP\.m2\repository\com\fasterxml\classmate\1.5.1\classmate-1.5.1.jar;C:\Users\HP\.m2\repository\org\hibernate\common\hibernate-commons-annotations\5.1.2.Final\hibernate-commons-annotations-5.1.2.Final.jar;C:\Users\HP\.m2\repository\org\glassfish\jaxb\jaxb-runtime\2.3.6\jaxb-runtime-2.3.6.jar;C:\Users\HP\.m2\repository\org\glassfish\jaxb\txw2\2.3.6\txw2-2.3.6.jar;C:\Users\HP\.m2\repository\com\sun\istack\istack-commons-runtime\3.0.12\istack-commons-runtime-3.0.12.jar;C:\Users\HP\.m2\repository\com\sun\activation\jakarta.activation\1.2.2\jakarta.activation-1.2.2.jar;C:\Users\HP\.m2\repository\org\springframework\data\spring-data-jpa\2.7.2\spring-data-jpa-2.7.2.jar;C:\Users\HP\.m2\repository\org\springframework\data\spring-data-commons\2.7.2\spring-data-commons-2.7.2.jar;C:\Users\HP\.m2\repository\org\springframework\spring-orm\5.3.22\spring-orm-5.3.22.jar;C:\Users\HP\.m2\repository\org\springframework\spring-context\5.3.22\spring-context-5.3.22.jar;C:\Users\HP\.m2\repository\org\springframework\spring-tx\5.3.22\spring-tx-5.3.22.jar;C:\Users\HP\.m2\repository\org\springframework\spring-beans\5.3.22\spring-beans-5.3.22.jar;C:\Users\HP\.m2\repository\org\slf4j\slf4j-api\1.7.36\slf4j-api-1.7.36.jar;C:\Users\HP\.m2\repository\org\springframework\spring-aspects\5.3.22\spring-aspects-5.3.22.jar;C:\Users\HP\.m2\repository\org\springframework\boot\spring-boot-starter-web\2.7.3\spring-boot-starter-web-2.7.3.jar;C:\Users\HP\.m2\repository\org\springframework\boot\spring-boot-starter\2.7.3\spring-boot-starter-2.7.3.jar;C:\Users\HP\.m2\repository\org\springframework\boot\spring-boot-starter-logging\2.7.3\spring-boot-starter-logging-2.7.3.jar;C:\Users\HP\.m2\repository\ch\qos\logback\logback-classic\1.2.11\logback-classic-1.2.11.jar;C:\Users\HP\.m2\repository\ch\qos\logback\logback-core\1.2.11\logback-core-1.2.11.jar;C:\Users\HP\.m2\repository\org\apache\logging\log4j\log4j-to-slf4j\2.17.2\log4j-to-slf4j-2.17.2.jar;C:\Users\HP\.m2\repository\org\apache\logging\log4j\log4j-api\2.17.2\log4j-api-2.17.2.jar;C:\Users\HP\.m2\repository\org\slf4j\jul-to-slf4j\1.7.36\jul-to-slf4j-1.7.36.jar;C:\Users\HP\.m2\repository\jakarta\annotation\jakarta.annotation-api\1.3.5\jakarta.annotation-api-1.3.5.jar;C:\Users\HP\.m2\repository\org\yaml\snakeyaml\1.30\snakeyaml-1.30.jar;C:\Users\HP\.m2\repository\org\springframework\boot\spring-boot-starter-json\2.7.3\spring-boot-starter-json-2.7.3.jar;C:\Users\HP\.m2\repository\com\fasterxml\jackson\core\jackson-databind\2.13.3\jackson-databind-2.13.3.jar;C:\Users\HP\.m2\repository\com\fasterxml\jackson\core\jackson-annotations\2.13.3\jackson-annotations-2.13.3.jar;C:\Users\HP\.m2\repository\com\fasterxml\jackson\core\jackson-core\2.13.3\jackson-core-2.13.3.jar;C:\Users\HP\.m2\repository\com\fasterxml\jackson\datatype\jackson-datatype-jdk8\2.13.3\jackson-datatype-jdk8-2.13.3.jar;C:\Users\HP\.m2\repository\com\fasterxml\jackson\datatype\jackson-datatype-jsr310\2.13.3\jackson-datatype-jsr310-2.13.3.jar;C:\Users\HP\.m2\repository\com\fasterxml\jackson\module\jackson-module-parameter-names\2.13.3\jackson-module-parameter-names-2.13.3.jar;C:\Users\HP\.m2\repository\org\springframework\boot\spring-boot-starter-tomcat\2.7.3\spring-boot-starter-tomcat-2.7.3.jar;C:\Users\HP\.m2\repository\org\apache\tomcat\embed\tomcat-embed-core\9.0.65\tomcat-embed-core-9.0.65.jar;C:\Users\HP\.m2\repository\org\apache\tomcat\embed\tomcat-embed-el\9.0.65\tomcat-embed-el-9.0.65.jar;C:\Users\HP\.m2\repository\org\apache\tomcat\embed\tomcat-embed-websocket\9.0.65\tomcat-embed-websocket-9.0.65.jar;C:\Users\HP\.m2\repository\org\springframework\spring-web\5.3.22\spring-web-5.3.22.jar;C:\Users\HP\.m2\repository\org\springframework\spring-webmvc\5.3.22\spring-webmvc-5.3.22.jar;C:\Users\HP\.m2\repository\org\springframework\spring-expression\5.3.22\spring-expression-5.3.22.jar;C:\Users\HP\.m2\repository\jakarta\xml\bind\jakarta.xml.bind-api\2.3.3\jakarta.xml.bind-api-2.3.3.jar;C:\Users\HP\.m2\repository\jakarta\activation\jakarta.activation-api\1.2.2\jakarta.activation-api-1.2.2.jar;C:\Users\HP\.m2\repository\org\springframework\spring-core\5.3.22\spring-core-5.3.22.jar;C:\Users\HP\.m2\repository\org\springframework\spring-jcl\5.3.22\spring-jcl-5.3.22.jar;C:\Users\HP\.m2\repository\org\apache\tomcat\tomcat-jasper\9.0.19\tomcat-jasper-9.0.19.jar;C:\Users\HP\.m2\repository\org\apache\tomcat\tomcat-servlet-api\9.0.19\tomcat-servlet-api-9.0.19.jar;C:\Users\HP\.m2\repository\org\apache\tomcat\tomcat-juli\9.0.19\tomcat-juli-9.0.19.jar;C:\Users\HP\.m2\repository\org\apache\tomcat\tomcat-jsp-api\9.0.65\tomcat-jsp-api-9.0.65.jar;C:\Users\HP\.m2\repository\org\apache\tomcat\tomcat-el-api\9.0.19\tomcat-el-api-9.0.19.jar;C:\Users\HP\.m2\repository\org\eclipse\jdt\ecj\3.16.0\ecj-3.16.0.jar;C:\Users\HP\.m2\repository\org\apache\tomcat\tomcat-jasper-el\9.0.19\tomcat-jasper-el-9.0.19.jar;C:\Users\HP\.m2\repository\org\apache\tomcat\tomcat-api\9.0.19\tomcat-api-9.0.19.jar;C:\Users\HP\.m2\repository\org\apache\tomcat\tomcat-util-scan\9.0.19\tomcat-util-scan-9.0.19.jar;C:\Users\HP\.m2\repository\org\apache\tomcat\tomcat-util\9.0.19\tomcat-util-9.0.19.jar;C:\Users\HP\.m2\repository\mysql\mysql-connector-java\8.0.30\mysql-connector-java-8.0.30.jar;C:\Users\HP\.m2\repository\org\apache\poi\poi-ooxml\4.1.2\poi-ooxml-4.1.2.jar;C:\Users\HP\.m2\repository\org\apache\poi\poi\4.1.2\poi-4.1.2.jar;C:\Users\HP\.m2\repository\commons-codec\commons-codec\1.15\commons-codec-1.15.jar;C:\Users\HP\.m2\repository\org\apache\commons\commons-collections4\4.4\commons-collections4-4.4.jar;C:\Users\HP\.m2\repository\org\apache\commons\commons-math3\3.6.1\commons-math3-3.6.1.jar;C:\Users\HP\.m2\repository\com\zaxxer\SparseBitSet\1.2\SparseBitSet-1.2.jar;C:\Users\HP\.m2\repository\org\apache\poi\poi-ooxml-schemas\4.1.2\poi-ooxml-schemas-4.1.2.jar;C:\Users\HP\.m2\repository\org\apache\xmlbeans\xmlbeans\3.1.0\xmlbeans-3.1.0.jar;C:\Users\HP\.m2\repository\org\apache\commons\commons-compress\1.19\commons-compress-1.19.jar;C:\Users\HP\.m2\repository\com\github\virtuald\curvesapi\1.06\curvesapi-1.06.jar;C:\Users\HP\.m2\repository\org\springframework\boot\spring-boot-devtools\2.7.3\spring-boot-devtools-2.7.3.jar;C:\Users\HP\.m2\repository\org\springframework\boot\spring-boot\2.7.3\spring-boot-2.7.3.jar;C:\Users\HP\.m2\repository\org\springframework\boot\spring-boot-autoconfigure\2.7.3\spring-boot-autoconfigure-2.7.3.jar
Launcher Type: SUN_STANDARD

[Global flags]
     intx CICompilerCount                          = 4                                         {product} {ergonomic}
     uint ConcGCThreads                            = 2                                         {product} {ergonomic}
     uint G1ConcRefinementThreads                  = 8                                         {product} {ergonomic}
   size_t G1HeapRegionSize                         = 1048576                                   {product} {ergonomic}
    uintx GCDrainStackTargetSize                   = 64                                        {product} {ergonomic}
   size_t InitialHeapSize                          = 100663296                                 {product} {ergonomic}
     bool ManagementServer                         = true                                      {product} {command line}
   size_t MarkStackSize                            = 4194304                                   {product} {ergonomic}
   size_t MaxHeapSize                              = 1587544064                                {product} {ergonomic}
   size_t MaxNewSize                               = 952107008                                 {product} {ergonomic}
   size_t MinHeapDeltaBytes                        = 1048576                                   {product} {ergonomic}
   size_t MinHeapSize                              = 8388608                                   {product} {ergonomic}
    uintx NonProfiledCodeHeapSize                  = 0                                      {pd product} {ergonomic}
     bool ProfileInterpreter                       = false                                  {pd product} {command line}
    uintx ProfiledCodeHeapSize                     = 0                                      {pd product} {ergonomic}
     bool ShowCodeDetailsInExceptionMessages       = true                                   {manageable} {command line}
   size_t SoftMaxHeapSize                          = 1587544064                             {manageable} {ergonomic}
     intx TieredStopAtLevel                        = 1                                         {product} {command line}
     bool UseCompressedClassPointers               = true                           {product lp64_product} {ergonomic}
     bool UseCompressedOops                        = true                           {product lp64_product} {ergonomic}
     bool UseG1GC                                  = true                                      {product} {ergonomic}
     bool UseLargePagesIndividualAllocation        = false                                  {pd product} {ergonomic}

Logging:
Log output configuration:
 #0: stdout all=warning uptime,level,tags foldmultilines=false
 #1: stderr all=off uptime,level,tags foldmultilines=false

Environment Variables:
JAVA_HOME=C:\Program Files\Java\jdk-19
PATH=C:/Users/HP/.p2/pool/plugins/org.eclipse.justj.openjdk.hotspot.jre.full.win32.x86_64_17.0.2.v20220201-1208/jre/bin/server;C:/Users/HP/.p2/pool/plugins/org.eclipse.justj.openjdk.hotspot.jre.full.win32.x86_64_17.0.2.v20220201-1208/jre/bin;C:\Program Files\Common Files\Oracle\Java\javapath;C:\oraclexe\app\oracle\product\11.2.0\server\bin;;C:\WINDOWS\system32;C:\WINDOWS;C:\WINDOWS\System32\Wbem;C:\WINDOWS\System32\WindowsPowerShell\v1.0\;C:\WINDOWS\System32\OpenSSH\;C:\Program Files\Git\cmd;C:\Program Files\nodejs\;C:\Users\HP\AppData\Local\Programs\Python\Python311\Scripts\;C:\Users\HP\AppData\Local\Programs\Python\Python311\;C:\Users\HP\AppData\Local\Microsoft\WindowsApps;C:\Program Files (x86)\Sophos\Sophos SSL VPN Client\bin;D:\Microsoft VS Code\bin;C:\Users\HP\AppData\Roaming\npm;D:\WS_eclipse\openssl-1.0.2j-fips-x86_64\OpenSSL\bin;C:\Program Files\Java\jdk-19\bin;C:\Program Files\apache-maven-3.8.6\bin;;C:\Users\HP\OneDrive\Desktop;
USERNAME=HP
OS=Windows_NT
PROCESSOR_IDENTIFIER=AMD64 Family 23 Model 24 Stepping 1, AuthenticAMD
TMP=C:\Users\HP\AppData\Local\Temp
TEMP=C:\Users\HP\AppData\Local\Temp



---------------  S Y S T E M  ---------------

OS:
 Windows 11 , 64 bit Build 22621 (10.0.22621.2506)
OS uptime: 8 days 3:01 hours

CPU: total 8 (initial active 8) (8 cores per cpu, 2 threads per core) family 23 model 24 stepping 1 microcode 0x0, cx8, cmov, fxsr, ht, mmx, 3dnowpref, sse, sse2, sse3, ssse3, sse4a, sse4.1, sse4.2, popcnt, lzcnt, tsc, tscinvbit, avx, avx2, aes, clmul, bmi1, bmi2, adx, sha, fma, vzeroupper, clflush, clflushopt, rdtscp

Memory: 4k page, system-wide physical 6055M (581M free)
TotalPageFile size 13479M (AvailPageFile size 2934M)
current process WorkingSet (physical memory assigned to process): 215M, peak: 216M
current process commit charge ("private bytes"): 255M, peak: 265M

vm_info: Java HotSpot(TM) 64-Bit Server VM (19.0.1+10-21) for windows-amd64 JRE (19.0.1+10-21), built on 2022-09-14T12:45:06Z by "mach5one" with MS VC++ 17.1 (VS2022)

END.
